<?xml version="1.0" encoding="UTF-8"?>
<!-- Generated by org.testng.reporters.JUnitXMLReporter -->
<testsuite ignored="2" hostname="DESKTOP-A7C74EC" failures="0" tests="1" name="Default test" time="9.232" errors="0" timestamp="2023-01-11T22:33:22 IST">
  <testcase classname="OrangeTestCase.DashboardPageTest" name="verifyTitleTest" time="0.285"/>
  <testcase classname="OrangeTestCase.DashboardPageTest" name="verifyPichartLogoTest" time="0.0">
    <ignored/>
  </testcase> <!-- verifyPichartLogoTest -->
  <testcase classname="OrangeTestCase.DashboardPageTest" name="verifyCurrentUrlTest" time="0.0">
    <ignored/>
  </testcase> <!-- verifyCurrentUrlTest -->
</testsuite> <!-- Default test -->
