<?xml version="1.0" encoding="UTF-8"?>
<!-- Generated by org.testng.reporters.JUnitXMLReporter -->
<testsuite ignored="0" hostname="DESKTOP-A7C74EC" failures="0" tests="5" name="Test" time="45.737" errors="0" timestamp="2023-01-08T19:53:19 IST">
  <testcase classname="TestCases.ParallelTest" name="test1" time="8.986"/>
  <testcase classname="TestCases.ParallelTest" name="test3" time="8.986"/>
  <testcase classname="TestCases.ParallelTest" name="test4" time="9.001"/>
  <testcase classname="TestCases.ParallelTest" name="test2" time="25.847"/>
  <testcase classname="TestCases.ParallelTest" name="test5" time="45.688"/>
</testsuite> <!-- Test -->
