<?xml version="1.0" encoding="UTF-8"?>
<!-- Generated by org.testng.reporters.JUnitXMLReporter -->
<testsuite ignored="5" hostname="DESKTOP-A7C74EC" failures="0" tests="1" name="Default test(failed)(failed)" time="19.122" errors="0" timestamp="2023-01-06T08:27:23 IST">
  <testcase classname="TestCases.FailedTestPractice" name="verifyLoginLogoTest" time="0.08"/>
  <testcase classname="TestCases.FailedTestPractice" name="verifyLoginToTest" time="0.0">
    <ignored/>
  </testcase> <!-- verifyLoginToTest -->
  <testcase classname="TestCases.FailedTestPractice" name="verifyCurrentUrlTest" time="0.0">
    <ignored/>
  </testcase> <!-- verifyCurrentUrlTest -->
  <testcase classname="TestCases.FailedTestPractice" name="verifyTitleTest" time="0.0">
    <ignored/>
  </testcase> <!-- verifyTitleTest -->
  <testcase classname="TestCases.FailedTestPractice" name="verifyProductsTest" time="0.0">
    <ignored/>
  </testcase> <!-- verifyProductsTest -->
  <testcase classname="TestCases.FailedTestPractice" name="verifyBotLogoTest" time="0.0">
    <ignored/>
  </testcase> <!-- verifyBotLogoTest -->
</testsuite> <!-- Default test(failed)(failed) -->
