<?xml version="1.0" encoding="UTF-8"?>
<testng-results ignored="2" total="3" passed="1" failed="0" skipped="0">
  <reporter-output>
  </reporter-output>
  <suite started-at="2023-01-11T22:33:13 IST" name="Default suite" finished-at="2023-01-11T22:33:22 IST" duration-ms="9232">
    <groups>
    </groups>
    <test started-at="2023-01-11T22:33:13 IST" name="Default test" finished-at="2023-01-11T22:33:22 IST" duration-ms="9232">
      <class name="OrangeTestCase.DashboardPageTest">
        <test-method is-config="true" signature="setup()[pri:0, instance:OrangeTestCase.DashboardPageTest@31e5415e]" started-at="2023-01-11T22:33:13 IST" name="setup" finished-at="2023-01-11T22:33:22 IST" duration-ms="8855" status="PASS">
          <reporter-output>
          </reporter-output>
        </test-method> <!-- setup -->
        <test-method signature="verifyTitleTest()[pri:0, instance:OrangeTestCase.DashboardPageTest@31e5415e]" started-at="2023-01-11T22:33:22 IST" name="verifyTitleTest" finished-at="2023-01-11T22:33:22 IST" duration-ms="285" status="PASS">
          <reporter-output>
          </reporter-output>
        </test-method> <!-- verifyTitleTest -->
        <test-method is-config="true" signature="browserClose()[pri:0, instance:OrangeTestCase.DashboardPageTest@31e5415e]" started-at="2023-01-11T22:33:22 IST" name="browserClose" finished-at="2023-01-11T22:33:22 IST" duration-ms="62" status="PASS">
          <reporter-output>
          </reporter-output>
        </test-method> <!-- browserClose -->
      </class> <!-- OrangeTestCase.DashboardPageTest -->
    </test> <!-- Default test -->
  </suite> <!-- Default suite -->
</testng-results>
